g:\programming_work\opengl\opengl\x64\debug\vc142.pdb
g:\programming_work\opengl\opengl\x64\debug\vc142.idb
g:\programming_work\opengl\opengl\x64\debug\window.obj
g:\programming_work\opengl\opengl\x64\debug\vulkanrendererapi.obj
g:\programming_work\opengl\opengl\x64\debug\vertexbuffer.obj
g:\programming_work\opengl\opengl\x64\debug\vertexarray.obj
g:\programming_work\opengl\opengl\x64\debug\texture.obj
g:\programming_work\opengl\opengl\x64\debug\shadersystem.obj
g:\programming_work\opengl\opengl\x64\debug\rendererapi.obj
g:\programming_work\opengl\opengl\x64\debug\renderer.obj
g:\programming_work\opengl\opengl\x64\debug\openglrendererapi.obj
g:\programming_work\opengl\opengl\x64\debug\openglcontext.obj
g:\programming_work\opengl\opengl\x64\debug\mesh.obj
g:\programming_work\opengl\opengl\x64\debug\main.obj
g:\programming_work\opengl\opengl\x64\debug\indexbuffer.obj
g:\programming_work\opengl\opengl\x64\debug\context.obj
g:\programming_work\opengl\x64\debug\opengl.pdb
g:\programming_work\opengl\opengl\x64\debug\opengl.tlog\cl.command.1.tlog
g:\programming_work\opengl\opengl\x64\debug\opengl.tlog\cl.read.1.tlog
g:\programming_work\opengl\opengl\x64\debug\opengl.tlog\cl.write.1.tlog
g:\programming_work\opengl\opengl\x64\debug\opengl.tlog\link-cvtres.read.1.tlog
g:\programming_work\opengl\opengl\x64\debug\opengl.tlog\link-cvtres.write.1.tlog
g:\programming_work\opengl\opengl\x64\debug\opengl.tlog\link-rc.read.1.tlog
g:\programming_work\opengl\opengl\x64\debug\opengl.tlog\link-rc.write.1.tlog
g:\programming_work\opengl\opengl\x64\debug\opengl.tlog\link.command.1.tlog
g:\programming_work\opengl\opengl\x64\debug\opengl.tlog\link.read.1.tlog
g:\programming_work\opengl\opengl\x64\debug\opengl.tlog\link.write.1.tlog
